<?xml version="1.0" encoding="UTF-8"?>
<!-- Generated by org.testng.reporters.JUnitXMLReporter -->
<testsuite ignored="0" hostname="APHDT20101" failures="0" tests="5" name="Default test" time="62.444" errors="0" timestamp="2021-06-06T07:27:21 IST">
  <testcase classname="com.automation.BlazeDemoHomePageTests" name="TC_001_Home_Screen_Is_Displayed" time="13.193"/>
  <testcase classname="com.automation.BlazeDemoHomePageTests" name="TC_002_Departure_City_List_Is_Displayed" time="10.069"/>
  <testcase classname="com.automation.BlazeDemoHomePageTests" name="TC_002_Destination_Of_The_Week" time="13.027"/>
  <testcase classname="com.automation.BlazeDemoHomePageTests" name="TC_003_Destination_City_List_Is_Displayed" time="11.205"/>
  <testcase classname="com.automation.BlazeDemoHomePageTests" name="TC_004_Validating_booking_confirmation_id" time="14.897"/>
</testsuite> <!-- Default test -->
