<?xml version="1.0" encoding="UTF-8"?>
<testng-results ignored="0" total="5" passed="5" failed="0" skipped="0">
  <reporter-output>
  </reporter-output>
  <suite started-at="2021-06-06T07:26:19 IST" name="Default suite" finished-at="2021-06-06T07:27:21 IST" duration-ms="62444">
    <groups>
    </groups>
    <test started-at="2021-06-06T07:26:19 IST" name="Default test" finished-at="2021-06-06T07:27:21 IST" duration-ms="62444">
      <class name="com.automation.BlazeDemoHomePageTests">
        <test-method signature="TC_001_Home_Screen_Is_Displayed()[pri:0, instance:com.automation.BlazeDemoHomePageTests@1d8bd0de]" started-at="2021-06-06T07:26:19 IST" name="TC_001_Home_Screen_Is_Displayed" finished-at="2021-06-06T07:26:32 IST" duration-ms="13193" status="PASS">
          <reporter-output>
          </reporter-output>
        </test-method> <!-- TC_001_Home_Screen_Is_Displayed -->
        <test-method signature="TC_002_Departure_City_List_Is_Displayed()[pri:0, instance:com.automation.BlazeDemoHomePageTests@1d8bd0de]" started-at="2021-06-06T07:26:32 IST" name="TC_002_Departure_City_List_Is_Displayed" finished-at="2021-06-06T07:26:42 IST" duration-ms="10069" status="PASS">
          <reporter-output>
          </reporter-output>
        </test-method> <!-- TC_002_Departure_City_List_Is_Displayed -->
        <test-method signature="TC_002_Destination_Of_The_Week()[pri:0, instance:com.automation.BlazeDemoHomePageTests@1d8bd0de]" started-at="2021-06-06T07:26:42 IST" name="TC_002_Destination_Of_The_Week" finished-at="2021-06-06T07:26:55 IST" duration-ms="13027" status="PASS">
          <reporter-output>
          </reporter-output>
        </test-method> <!-- TC_002_Destination_Of_The_Week -->
        <test-method signature="TC_003_Destination_City_List_Is_Displayed()[pri:0, instance:com.automation.BlazeDemoHomePageTests@1d8bd0de]" started-at="2021-06-06T07:26:55 IST" name="TC_003_Destination_City_List_Is_Displayed" finished-at="2021-06-06T07:27:06 IST" duration-ms="11205" status="PASS">
          <reporter-output>
          </reporter-output>
        </test-method> <!-- TC_003_Destination_City_List_Is_Displayed -->
        <test-method signature="TC_004_Validating_booking_confirmation_id()[pri:0, instance:com.automation.BlazeDemoHomePageTests@1d8bd0de]" started-at="2021-06-06T07:27:06 IST" name="TC_004_Validating_booking_confirmation_id" finished-at="2021-06-06T07:27:21 IST" duration-ms="14897" status="PASS">
          <reporter-output>
          </reporter-output>
        </test-method> <!-- TC_004_Validating_booking_confirmation_id -->
      </class> <!-- com.automation.BlazeDemoHomePageTests -->
    </test> <!-- Default test -->
  </suite> <!-- Default suite -->
</testng-results>
